{"level":"INFO","time":"2025-08-18T00:11:30.036+0800","caller":"app/app.go:44","msg":"Logger initialized successfully"}
{"level":"INFO","time":"2025-08-18T00:11:37.059+0800","caller":"app/app.go:44","msg":"Logger initialized successfully"}
{"level":"INFO","time":"2025-08-18T00:31:29.658+0800","caller":"app/app.go:44","msg":"Logger initialized successfully"}
{"level":"INFO","time":"2025-08-18T00:36:29.633+0800","caller":"app/app.go:44","msg":"Logger initialized successfully"}
{"level":"INFO","time":"2025-08-18T21:03:28.430+0800","caller":"app/app.go:44","msg":"Logger initialized successfully"}
{"level":"INFO","time":"2025-08-18T21:03:36.046+0800","caller":"app/app.go:44","msg":"Logger initialized successfully"}
{"level":"INFO","time":"2025-08-18T22:03:41.283+0800","caller":"app/app.go:44","msg":"Logger initialized successfully"}
{"level":"INFO","time":"2025-08-18T22:03:48.526+0800","caller":"app/app.go:44","msg":"Logger initialized successfully"}
{"level":"INFO","time":"2025-08-19T20:57:30.220+0800","caller":"app/app.go:44","msg":"Logger initialized successfully"}
{"level":"INFO","time":"2025-08-19T20:57:36.093+0800","caller":"app/app.go:44","msg":"Logger initialized successfully"}
{"level":"INFO","time":"2025-08-19T21:57:47.071+0800","caller":"app/app.go:44","msg":"Logger initialized successfully"}
{"level":"INFO","time":"2025-08-19T21:57:53.864+0800","caller":"app/app.go:44","msg":"Logger initialized successfully"}
{"level":"INFO","time":"2025-08-19T22:00:05.977+0800","caller":"app/app.go:44","msg":"Logger initialized successfully"}
{"level":"INFO","time":"2025-08-19T22:02:53.026+0800","caller":"app/app.go:44","msg":"Logger initialized successfully"}
{"level":"INFO","time":"2025-08-19T22:04:58.781+0800","caller":"app/app.go:44","msg":"Logger initialized successfully"}
{"level":"INFO","time":"2025-08-19T22:06:29.326+0800","caller":"app/app.go:44","msg":"Logger initialized successfully"}
{"level":"INFO","time":"2025-08-19T22:08:59.198+0800","caller":"app/app.go:44","msg":"Logger initialized successfully"}
{"level":"INFO","time":"2025-08-19T22:15:10.575+0800","caller":"app/app.go:44","msg":"Logger initialized successfully"}
{"level":"INFO","time":"2025-08-19T22:57:14.185+0800","caller":"app/app.go:44","msg":"Logger initialized successfully"}
{"level":"FATAL","time":"2025-08-19T22:57:14.906+0800","caller":"app/app.go:48","msg":"Failed to initialize database","error":"Error 3780 (HY000): Referencing column 'user_id' and referenced column 'id' in foreign key constraint 'fk_achievements_user' are incompatible.","stacktrace":"coder_edu_backend/internal/app.NewApp\n\tD:/桌面/技术栈/Golang/project/coder_edu_backend/internal/app/app.go:48\nmain.main\n\tD:/桌面/技术栈/Golang/project/coder_edu_backend/main.go:36\nruntime.main\n\tD:/golang/src/runtime/proc.go:283"}
{"level":"INFO","time":"2025-08-19T22:58:14.004+0800","caller":"app/app.go:44","msg":"Logger initialized successfully"}
{"level":"FATAL","time":"2025-08-19T22:58:14.048+0800","caller":"app/app.go:48","msg":"Failed to initialize database","error":"Error 3780 (HY000): Referencing column 'user_id' and referenced column 'id' in foreign key constraint 'fk_achievements_user' are incompatible.","stacktrace":"coder_edu_backend/internal/app.NewApp\n\tD:/桌面/技术栈/Golang/project/coder_edu_backend/internal/app/app.go:48\nmain.main\n\tD:/桌面/技术栈/Golang/project/coder_edu_backend/main.go:36\nruntime.main\n\tD:/golang/src/runtime/proc.go:283"}
{"level":"INFO","time":"2025-08-19T22:58:21.011+0800","caller":"app/app.go:44","msg":"Logger initialized successfully"}
{"level":"FATAL","time":"2025-08-19T22:58:21.068+0800","caller":"app/app.go:48","msg":"Failed to initialize database","error":"Error 3780 (HY000): Referencing column 'user_id' and referenced column 'id' in foreign key constraint 'fk_achievements_user' are incompatible.","stacktrace":"coder_edu_backend/internal/app.NewApp\n\tD:/桌面/技术栈/Golang/project/coder_edu_backend/internal/app/app.go:48\nmain.main\n\tD:/桌面/技术栈/Golang/project/coder_edu_backend/main.go:36\nruntime.main\n\tD:/golang/src/runtime/proc.go:283"}
{"level":"INFO","time":"2025-08-19T22:59:48.167+0800","caller":"app/app.go:44","msg":"Logger initialized successfully"}
{"level":"FATAL","time":"2025-08-19T22:59:48.210+0800","caller":"app/app.go:48","msg":"Failed to initialize database","error":"Error 3780 (HY000): Referencing column 'user_id' and referenced column 'id' in foreign key constraint 'fk_achievements_user' are incompatible.","stacktrace":"coder_edu_backend/internal/app.NewApp\n\tD:/桌面/技术栈/Golang/project/coder_edu_backend/internal/app/app.go:48\nmain.main\n\tD:/桌面/技术栈/Golang/project/coder_edu_backend/main.go:36\nruntime.main\n\tD:/golang/src/runtime/proc.go:283"}
{"level":"INFO","time":"2025-08-19T23:00:36.631+0800","caller":"app/app.go:44","msg":"Logger initialized successfully"}
{"level":"FATAL","time":"2025-08-19T23:00:37.118+0800","caller":"app/app.go:48","msg":"Failed to initialize database","error":"Error 3780 (HY000): Referencing column 'uploader_id' and referenced column 'id' in foreign key constraint 'fk_resources_user' are incompatible.","stacktrace":"coder_edu_backend/internal/app.NewApp\n\tD:/桌面/技术栈/Golang/project/coder_edu_backend/internal/app/app.go:48\nmain.main\n\tD:/桌面/技术栈/Golang/project/coder_edu_backend/main.go:36\nruntime.main\n\tD:/golang/src/runtime/proc.go:283"}
{"level":"INFO","time":"2025-08-19T23:00:44.418+0800","caller":"app/app.go:44","msg":"Logger initialized successfully"}
{"level":"FATAL","time":"2025-08-19T23:00:44.488+0800","caller":"app/app.go:48","msg":"Failed to initialize database","error":"Error 3780 (HY000): Referencing column 'uploader_id' and referenced column 'id' in foreign key constraint 'fk_resources_user' are incompatible.","stacktrace":"coder_edu_backend/internal/app.NewApp\n\tD:/桌面/技术栈/Golang/project/coder_edu_backend/internal/app/app.go:48\nmain.main\n\tD:/桌面/技术栈/Golang/project/coder_edu_backend/main.go:36\nruntime.main\n\tD:/golang/src/runtime/proc.go:283"}
{"level":"INFO","time":"2025-08-19T23:03:28.508+0800","caller":"app/app.go:44","msg":"Logger initialized successfully"}
{"level":"FATAL","time":"2025-08-19T23:03:28.564+0800","caller":"app/app.go:48","msg":"Failed to initialize database","error":"Error 3780 (HY000): Referencing column 'uploader_id' and referenced column 'id' in foreign key constraint 'fk_resources_user' are incompatible.","stacktrace":"coder_edu_backend/internal/app.NewApp\n\tD:/桌面/技术栈/Golang/project/coder_edu_backend/internal/app/app.go:48\nmain.main\n\tD:/桌面/技术栈/Golang/project/coder_edu_backend/main.go:36\nruntime.main\n\tD:/golang/src/runtime/proc.go:283"}
{"level":"INFO","time":"2025-08-19T23:03:34.020+0800","caller":"app/app.go:44","msg":"Logger initialized successfully"}
{"level":"FATAL","time":"2025-08-19T23:03:34.072+0800","caller":"app/app.go:48","msg":"Failed to initialize database","error":"Error 3780 (HY000): Referencing column 'uploader_id' and referenced column 'id' in foreign key constraint 'fk_resources_user' are incompatible.","stacktrace":"coder_edu_backend/internal/app.NewApp\n\tD:/桌面/技术栈/Golang/project/coder_edu_backend/internal/app/app.go:48\nmain.main\n\tD:/桌面/技术栈/Golang/project/coder_edu_backend/main.go:36\nruntime.main\n\tD:/golang/src/runtime/proc.go:283"}
{"level":"INFO","time":"2025-08-19T23:08:42.969+0800","caller":"app/app.go:44","msg":"Logger initialized successfully"}
{"level":"FATAL","time":"2025-08-19T23:08:43.608+0800","caller":"app/app.go:48","msg":"Failed to initialize database","error":"Error 3780 (HY000): Referencing column 'user_id' and referenced column 'id' in foreign key constraint 'fk_tasks_user' are incompatible.","stacktrace":"coder_edu_backend/internal/app.NewApp\n\tD:/桌面/技术栈/Golang/project/coder_edu_backend/internal/app/app.go:48\nmain.main\n\tD:/桌面/技术栈/Golang/project/coder_edu_backend/main.go:36\nruntime.main\n\tD:/golang/src/runtime/proc.go:283"}
{"level":"INFO","time":"2025-08-19T23:08:49.461+0800","caller":"app/app.go:44","msg":"Logger initialized successfully"}
{"level":"FATAL","time":"2025-08-19T23:08:49.514+0800","caller":"app/app.go:48","msg":"Failed to initialize database","error":"Error 3780 (HY000): Referencing column 'user_id' and referenced column 'id' in foreign key constraint 'fk_tasks_user' are incompatible.","stacktrace":"coder_edu_backend/internal/app.NewApp\n\tD:/桌面/技术栈/Golang/project/coder_edu_backend/internal/app/app.go:48\nmain.main\n\tD:/桌面/技术栈/Golang/project/coder_edu_backend/main.go:36\nruntime.main\n\tD:/golang/src/runtime/proc.go:283"}
{"level":"INFO","time":"2025-08-19T23:11:16.954+0800","caller":"app/app.go:44","msg":"Logger initialized successfully"}
{"level":"INFO","time":"2025-08-19T23:12:39.345+0800","caller":"app/app.go:44","msg":"Logger initialized successfully"}
{"level":"INFO","time":"2025-08-19T23:17:32.839+0800","caller":"app/app.go:44","msg":"Logger initialized successfully"}
{"level":"INFO","time":"2025-08-19T23:28:21.402+0800","caller":"app/app.go:44","msg":"Logger initialized successfully"}
{"level":"INFO","time":"2025-08-19T23:47:20.509+0800","caller":"app/app.go:44","msg":"Logger initialized successfully"}
{"level":"INFO","time":"2025-08-19T23:48:50.898+0800","caller":"app/app.go:44","msg":"Logger initialized successfully"}
{"level":"INFO","time":"2025-08-20T21:26:45.678+0800","caller":"app/app.go:44","msg":"Logger initialized successfully"}
{"level":"INFO","time":"2025-08-20T21:26:54.999+0800","caller":"app/app.go:44","msg":"Logger initialized successfully"}
{"level":"INFO","time":"2025-08-20T22:27:07.374+0800","caller":"app/app.go:44","msg":"Logger initialized successfully"}
{"level":"INFO","time":"2025-08-20T22:27:14.307+0800","caller":"app/app.go:44","msg":"Logger initialized successfully"}
{"level":"INFO","time":"2025-08-22T03:10:09.422+0800","caller":"app/app.go:44","msg":"Logger initialized successfully"}
{"level":"INFO","time":"2025-08-22T03:10:28.228+0800","caller":"app/app.go:44","msg":"Logger initialized successfully"}
{"level":"INFO","time":"2025-08-23T02:09:01.686+0800","caller":"app/app.go:44","msg":"Logger initialized successfully"}
{"level":"INFO","time":"2025-08-23T02:09:07.449+0800","caller":"app/app.go:44","msg":"Logger initialized successfully"}
{"level":"INFO","time":"2025-08-23T03:09:08.311+0800","caller":"app/app.go:44","msg":"Logger initialized successfully"}
{"level":"INFO","time":"2025-08-23T03:09:14.889+0800","caller":"app/app.go:44","msg":"Logger initialized successfully"}
{"level":"INFO","time":"2025-08-23T12:54:26.595+0800","caller":"app/app.go:44","msg":"Logger initialized successfully"}
{"level":"INFO","time":"2025-08-23T12:54:31.871+0800","caller":"app/app.go:44","msg":"Logger initialized successfully"}
{"level":"INFO","time":"2025-08-23T13:54:25.496+0800","caller":"app/app.go:44","msg":"Logger initialized successfully"}
{"level":"INFO","time":"2025-08-23T14:54:25.062+0800","caller":"app/app.go:44","msg":"Logger initialized successfully"}
{"level":"INFO","time":"2025-08-23T14:54:31.584+0800","caller":"app/app.go:44","msg":"Logger initialized successfully"}
{"level":"INFO","time":"2025-08-23T16:22:55.788+0800","caller":"app/app.go:44","msg":"Logger initialized successfully"}
{"level":"INFO","time":"2025-08-23T16:23:00.987+0800","caller":"app/app.go:44","msg":"Logger initialized successfully"}
{"level":"INFO","time":"2025-08-23T17:22:28.539+0800","caller":"app/app.go:44","msg":"Logger initialized successfully"}
{"level":"INFO","time":"2025-08-23T20:25:00.354+0800","caller":"app/app.go:44","msg":"Logger initialized successfully"}
{"level":"INFO","time":"2025-08-23T20:25:05.467+0800","caller":"app/app.go:44","msg":"Logger initialized successfully"}
{"level":"INFO","time":"2025-08-23T21:24:56.670+0800","caller":"app/app.go:44","msg":"Logger initialized successfully"}
{"level":"INFO","time":"2025-08-23T22:24:54.468+0800","caller":"app/app.go:44","msg":"Logger initialized successfully"}
{"level":"INFO","time":"2025-08-23T22:25:00.554+0800","caller":"app/app.go:44","msg":"Logger initialized successfully"}
{"level":"INFO","time":"2025-08-23T22:41:39.971+0800","caller":"app/app.go:44","msg":"Logger initialized successfully"}
{"level":"INFO","time":"2025-08-23T22:43:30.780+0800","caller":"app/app.go:44","msg":"Logger initialized successfully"}
{"level":"INFO","time":"2025-08-23T22:52:09.259+0800","caller":"app/app.go:44","msg":"Logger initialized successfully"}
{"level":"INFO","time":"2025-08-23T22:56:09.813+0800","caller":"app/app.go:44","msg":"Logger initialized successfully"}
{"level":"INFO","time":"2025-08-23T23:24:59.551+0800","caller":"app/app.go:44","msg":"Logger initialized successfully"}
{"level":"INFO","time":"2025-08-23T23:25:06.423+0800","caller":"app/app.go:44","msg":"Logger initialized successfully"}
{"level":"INFO","time":"2025-08-23T23:49:57.661+0800","caller":"app/app.go:44","msg":"Logger initialized successfully"}
{"level":"INFO","time":"2025-08-23T23:54:55.188+0800","caller":"app/app.go:44","msg":"Logger initialized successfully"}
{"level":"INFO","time":"2025-08-24T00:24:56.896+0800","caller":"app/app.go:44","msg":"Logger initialized successfully"}
{"level":"INFO","time":"2025-08-24T00:25:03.637+0800","caller":"app/app.go:44","msg":"Logger initialized successfully"}
{"level":"INFO","time":"2025-08-24T00:49:57.341+0800","caller":"app/app.go:44","msg":"Logger initialized successfully"}
{"level":"INFO","time":"2025-08-24T00:54:56.995+0800","caller":"app/app.go:44","msg":"Logger initialized successfully"}
{"level":"INFO","time":"2025-08-24T10:32:35.050+0800","caller":"app/app.go:44","msg":"Logger initialized successfully"}
{"level":"INFO","time":"2025-08-24T10:32:44.688+0800","caller":"app/app.go:44","msg":"Logger initialized successfully"}
{"level":"INFO","time":"2025-08-25T21:46:58.271+0800","caller":"app/app.go:44","msg":"Logger initialized successfully"}
{"level":"INFO","time":"2025-08-25T22:00:52.522+0800","caller":"app/app.go:44","msg":"Logger initialized successfully"}
{"level":"INFO","time":"2025-08-25T22:15:44.548+0800","caller":"app/app.go:44","msg":"Logger initialized successfully"}
{"level":"INFO","time":"2025-08-25T22:41:14.354+0800","caller":"app/app.go:44","msg":"Logger initialized successfully"}
{"level":"INFO","time":"2025-08-25T22:45:44.137+0800","caller":"app/app.go:44","msg":"Logger initialized successfully"}
{"level":"INFO","time":"2025-08-25T23:00:44.442+0800","caller":"app/app.go:44","msg":"Logger initialized successfully"}
{"level":"INFO","time":"2025-08-25T23:00:51.160+0800","caller":"app/app.go:44","msg":"Logger initialized successfully"}
{"level":"INFO","time":"2025-08-25T23:15:45.306+0800","caller":"app/app.go:44","msg":"Logger initialized successfully"}
{"level":"INFO","time":"2025-08-26T21:28:08.803+0800","caller":"app/app.go:44","msg":"Logger initialized successfully"}
{"level":"INFO","time":"2025-08-26T21:28:18.923+0800","caller":"app/app.go:44","msg":"Logger initialized successfully"}
{"level":"INFO","time":"2025-08-26T22:28:46.195+0800","caller":"app/app.go:44","msg":"Logger initialized successfully"}
{"level":"INFO","time":"2025-08-26T22:28:53.225+0800","caller":"app/app.go:44","msg":"Logger initialized successfully"}
{"level":"INFO","time":"2025-08-31T19:03:27.350+0800","caller":"app/app.go:44","msg":"Logger initialized successfully"}
{"level":"INFO","time":"2025-08-31T19:04:56.863+0800","caller":"app/app.go:44","msg":"Logger initialized successfully"}
{"level":"INFO","time":"2025-08-31T19:38:20.999+0800","caller":"app/app.go:44","msg":"Logger initialized successfully"}
{"level":"INFO","time":"2025-08-31T20:37:14.104+0800","caller":"app/app.go:44","msg":"Logger initialized successfully"}
{"level":"INFO","time":"2025-08-31T20:37:31.930+0800","caller":"app/app.go:44","msg":"Logger initialized successfully"}
{"level":"INFO","time":"2025-08-31T21:37:12.574+0800","caller":"app/app.go:44","msg":"Logger initialized successfully"}
{"level":"INFO","time":"2025-08-31T21:46:28.642+0800","caller":"app/app.go:44","msg":"Logger initialized successfully"}
{"level":"INFO","time":"2025-08-31T21:56:49.998+0800","caller":"app/app.go:44","msg":"Logger initialized successfully"}
{"level":"INFO","time":"2025-08-31T22:00:54.681+0800","caller":"app/app.go:44","msg":"Logger initialized successfully"}
{"level":"INFO","time":"2025-08-31T22:09:48.390+0800","caller":"app/app.go:44","msg":"Logger initialized successfully"}
{"level":"INFO","time":"2025-08-31T22:19:34.315+0800","caller":"app/app.go:44","msg":"Logger initialized successfully"}
{"level":"INFO","time":"2025-08-31T22:30:05.377+0800","caller":"app/app.go:44","msg":"Logger initialized successfully"}
{"level":"INFO","time":"2025-08-31T22:41:06.690+0800","caller":"app/app.go:44","msg":"Logger initialized successfully"}
{"level":"INFO","time":"2025-08-31T22:58:25.235+0800","caller":"app/app.go:44","msg":"Logger initialized successfully"}
{"level":"INFO","time":"2025-08-31T23:00:01.163+0800","caller":"app/app.go:44","msg":"Logger initialized successfully"}
{"level":"INFO","time":"2025-08-31T23:20:04.927+0800","caller":"app/app.go:44","msg":"Logger initialized successfully"}
{"level":"INFO","time":"2025-08-31T23:22:16.955+0800","caller":"app/app.go:44","msg":"Logger initialized successfully"}
{"level":"INFO","time":"2025-08-31T23:32:18.304+0800","caller":"app/app.go:44","msg":"Logger initialized successfully"}
{"level":"INFO","time":"2025-08-31T23:37:08.799+0800","caller":"app/app.go:44","msg":"Logger initialized successfully"}
{"level":"INFO","time":"2025-08-31T23:42:12.461+0800","caller":"app/app.go:44","msg":"Logger initialized successfully"}
{"level":"INFO","time":"2025-08-31T23:58:54.700+0800","caller":"app/app.go:44","msg":"Logger initialized successfully"}
{"level":"INFO","time":"2025-09-01T00:00:34.443+0800","caller":"app/app.go:44","msg":"Logger initialized successfully"}
{"level":"INFO","time":"2025-09-01T21:58:46.105+0800","caller":"app/app.go:44","msg":"Logger initialized successfully"}
{"level":"INFO","time":"2025-09-01T22:00:18.729+0800","caller":"app/app.go:44","msg":"Logger initialized successfully"}
{"level":"INFO","time":"2025-09-01T22:04:47.136+0800","caller":"app/app.go:44","msg":"Logger initialized successfully"}
{"level":"INFO","time":"2025-09-01T22:52:59.023+0800","caller":"app/app.go:44","msg":"Logger initialized successfully"}
{"level":"INFO","time":"2025-09-01T23:04:39.920+0800","caller":"app/app.go:44","msg":"Logger initialized successfully"}
{"level":"INFO","time":"2025-09-01T23:04:52.837+0800","caller":"app/app.go:44","msg":"Logger initialized successfully"}
{"level":"INFO","time":"2025-09-02T22:31:31.509+0800","caller":"app/app.go:44","msg":"Logger initialized successfully"}
{"level":"INFO","time":"2025-09-02T22:31:43.306+0800","caller":"app/app.go:44","msg":"Logger initialized successfully"}
{"level":"INFO","time":"2025-09-02T23:31:57.463+0800","caller":"app/app.go:44","msg":"Logger initialized successfully"}
{"level":"INFO","time":"2025-09-02T23:32:10.390+0800","caller":"app/app.go:44","msg":"Logger initialized successfully"}
{"level":"INFO","time":"2025-09-03T21:53:11.296+0800","caller":"app/app.go:44","msg":"Logger initialized successfully"}
{"level":"INFO","time":"2025-09-03T21:53:22.925+0800","caller":"app/app.go:44","msg":"Logger initialized successfully"}
{"level":"INFO","time":"2025-09-06T00:42:39.603+0800","caller":"app/app.go:44","msg":"Logger initialized successfully"}
{"level":"INFO","time":"2025-09-06T00:43:01.387+0800","caller":"app/app.go:44","msg":"Logger initialized successfully"}
{"level":"INFO","time":"2025-09-06T10:59:05.431+0800","caller":"app/app.go:44","msg":"Logger initialized successfully"}
{"level":"INFO","time":"2025-09-06T10:59:33.178+0800","caller":"app/app.go:44","msg":"Logger initialized successfully"}
{"level":"INFO","time":"2025-09-06T12:00:39.873+0800","caller":"app/app.go:44","msg":"Logger initialized successfully"}
{"level":"INFO","time":"2025-09-06T12:01:30.002+0800","caller":"app/app.go:44","msg":"Logger initialized successfully"}
{"level":"INFO","time":"2025-09-06T12:58:43.342+0800","caller":"app/app.go:44","msg":"Logger initialized successfully"}
{"level":"INFO","time":"2025-09-06T13:59:35.770+0800","caller":"app/app.go:44","msg":"Logger initialized successfully"}
{"level":"INFO","time":"2025-09-06T13:59:52.770+0800","caller":"app/app.go:44","msg":"Logger initialized successfully"}
{"level":"INFO","time":"2025-09-06T14:58:50.244+0800","caller":"app/app.go:44","msg":"Logger initialized successfully"}
{"level":"INFO","time":"2025-09-06T18:53:18.125+0800","caller":"app/app.go:44","msg":"Logger initialized successfully"}
{"level":"INFO","time":"2025-09-06T18:53:29.040+0800","caller":"app/app.go:44","msg":"Logger initialized successfully"}
{"level":"INFO","time":"2025-09-06T19:04:37.067+0800","caller":"app/app.go:44","msg":"Logger initialized successfully"}
{"level":"INFO","time":"2025-09-06T21:04:14.572+0800","caller":"app/app.go:44","msg":"Logger initialized successfully"}
{"level":"INFO","time":"2025-09-06T21:05:43.818+0800","caller":"app/app.go:44","msg":"Logger initialized successfully"}
{"level":"INFO","time":"2025-09-06T22:03:37.008+0800","caller":"app/app.go:44","msg":"Logger initialized successfully"}
{"level":"INFO","time":"2025-09-06T23:03:04.222+0800","caller":"app/app.go:44","msg":"Logger initialized successfully"}
{"level":"INFO","time":"2025-09-06T23:04:34.396+0800","caller":"app/app.go:44","msg":"Logger initialized successfully"}
{"level":"INFO","time":"2025-09-07T10:29:51.451+0800","caller":"app/app.go:44","msg":"Logger initialized successfully"}
{"level":"INFO","time":"2025-09-07T10:30:30.282+0800","caller":"app/app.go:44","msg":"Logger initialized successfully"}
{"level":"INFO","time":"2025-09-07T11:30:05.307+0800","caller":"app/app.go:44","msg":"Logger initialized successfully"}
{"level":"INFO","time":"2025-09-07T11:31:35.270+0800","caller":"app/app.go:44","msg":"Logger initialized successfully"}
{"level":"INFO","time":"2025-09-07T12:30:55.164+0800","caller":"app/app.go:44","msg":"Logger initialized successfully"}
{"level":"INFO","time":"2025-09-07T12:32:25.601+0800","caller":"app/app.go:44","msg":"Logger initialized successfully"}
{"level":"INFO","time":"2025-09-07T13:29:53.878+0800","caller":"app/app.go:44","msg":"Logger initialized successfully"}
{"level":"INFO","time":"2025-09-07T14:31:07.440+0800","caller":"app/app.go:44","msg":"Logger initialized successfully"}
{"level":"INFO","time":"2025-09-07T14:32:47.412+0800","caller":"app/app.go:44","msg":"Logger initialized successfully"}
{"level":"INFO","time":"2025-09-07T14:42:58.077+0800","caller":"app/app.go:44","msg":"Logger initialized successfully"}
{"level":"FATAL","time":"2025-09-07T14:42:58.442+0800","caller":"app/app.go:48","msg":"Failed to initialize database","error":"Error 1067 (42000): Invalid default value for 'last_login'","stacktrace":"coder_edu_backend/internal/app.NewApp\n\tD:/桌面/技术栈/Golang/project/coder_edu_backend/internal/app/app.go:48\nmain.main\n\tD:/桌面/技术栈/Golang/project/coder_edu_backend/main.go:36\nruntime.main\n\tD:/golang/src/runtime/proc.go:283"}
{"level":"INFO","time":"2025-09-07T14:43:22.397+0800","caller":"app/app.go:44","msg":"Logger initialized successfully"}
{"level":"FATAL","time":"2025-09-07T14:43:22.466+0800","caller":"app/app.go:48","msg":"Failed to initialize database","error":"Error 1067 (42000): Invalid default value for 'last_login'","stacktrace":"coder_edu_backend/internal/app.NewApp\n\tD:/桌面/技术栈/Golang/project/coder_edu_backend/internal/app/app.go:48\nmain.main\n\tD:/桌面/技术栈/Golang/project/coder_edu_backend/main.go:36\nruntime.main\n\tD:/golang/src/runtime/proc.go:283"}
{"level":"INFO","time":"2025-09-07T15:23:36.135+0800","caller":"app/app.go:44","msg":"Logger initialized successfully"}
{"level":"FATAL","time":"2025-09-07T15:23:36.188+0800","caller":"app/app.go:48","msg":"Failed to initialize database","error":"Error 1067 (42000): Invalid default value for 'last_login'","stacktrace":"coder_edu_backend/internal/app.NewApp\n\tD:/桌面/技术栈/Golang/project/coder_edu_backend/internal/app/app.go:48\nmain.main\n\tD:/桌面/技术栈/Golang/project/coder_edu_backend/main.go:36\nruntime.main\n\tD:/golang/src/runtime/proc.go:283"}
{"level":"INFO","time":"2025-09-07T15:29:37.500+0800","caller":"app/app.go:44","msg":"Logger initialized successfully"}
{"level":"FATAL","time":"2025-09-07T15:29:37.539+0800","caller":"app/app.go:48","msg":"Failed to initialize database","error":"Error 1067 (42000): Invalid default value for 'last_login'","stacktrace":"coder_edu_backend/internal/app.NewApp\n\tD:/桌面/技术栈/Golang/project/coder_edu_backend/internal/app/app.go:48\nmain.main\n\tD:/桌面/技术栈/Golang/project/coder_edu_backend/main.go:36\nruntime.main\n\tD:/golang/src/runtime/proc.go:283"}
{"level":"INFO","time":"2025-09-07T15:35:28.822+0800","caller":"app/app.go:44","msg":"Logger initialized successfully"}
{"level":"INFO","time":"2025-09-07T15:36:59.581+0800","caller":"app/app.go:44","msg":"Logger initialized successfully"}
{"level":"INFO","time":"2025-09-07T15:42:49.393+0800","caller":"app/app.go:44","msg":"Logger initialized successfully"}
{"level":"INFO","time":"2025-09-07T16:11:04.108+0800","caller":"app/app.go:44","msg":"Logger initialized successfully"}
{"level":"INFO","time":"2025-09-07T16:12:36.334+0800","caller":"app/app.go:44","msg":"Logger initialized successfully"}
{"level":"INFO","time":"2025-09-07T16:26:32.072+0800","caller":"app/app.go:44","msg":"Logger initialized successfully"}
{"level":"INFO","time":"2025-09-07T16:27:51.014+0800","caller":"app/app.go:44","msg":"Logger initialized successfully"}
{"level":"INFO","time":"2025-09-07T16:29:38.670+0800","caller":"app/app.go:44","msg":"Logger initialized successfully"}
{"level":"INFO","time":"2025-09-07T16:37:30.651+0800","caller":"app/app.go:44","msg":"Logger initialized successfully"}
{"level":"INFO","time":"2025-09-07T16:38:39.581+0800","caller":"app/app.go:44","msg":"Logger initialized successfully"}
{"level":"INFO","time":"2025-09-07T17:07:49.682+0800","caller":"app/app.go:44","msg":"Logger initialized successfully"}
{"level":"INFO","time":"2025-09-07T17:09:18.938+0800","caller":"app/app.go:44","msg":"Logger initialized successfully"}
{"level":"INFO","time":"2025-09-07T17:10:56.659+0800","caller":"app/app.go:44","msg":"Logger initialized successfully"}
{"level":"INFO","time":"2025-09-07T17:32:14.608+0800","caller":"app/app.go:44","msg":"Logger initialized successfully"}
{"level":"INFO","time":"2025-09-07T17:33:46.207+0800","caller":"app/app.go:44","msg":"Logger initialized successfully"}
{"level":"INFO","time":"2025-09-07T17:35:13.101+0800","caller":"app/app.go:44","msg":"Logger initialized successfully"}
{"level":"INFO","time":"2025-09-07T17:40:51.975+0800","caller":"app/app.go:44","msg":"Logger initialized successfully"}
{"level":"INFO","time":"2025-09-07T17:56:24.976+0800","caller":"app/app.go:44","msg":"Logger initialized successfully"}
{"level":"INFO","time":"2025-09-07T18:02:29.768+0800","caller":"app/app.go:44","msg":"Logger initialized successfully"}
{"level":"INFO","time":"2025-09-07T18:06:43.222+0800","caller":"app/app.go:44","msg":"Logger initialized successfully"}
{"level":"INFO","time":"2025-09-07T18:10:58.225+0800","caller":"app/app.go:44","msg":"Logger initialized successfully"}
{"level":"INFO","time":"2025-09-07T18:13:57.166+0800","caller":"app/app.go:44","msg":"Logger initialized successfully"}
{"level":"INFO","time":"2025-09-07T18:24:12.542+0800","caller":"app/app.go:44","msg":"Logger initialized successfully"}
{"level":"INFO","time":"2025-09-07T18:30:59.195+0800","caller":"app/app.go:44","msg":"Logger initialized successfully"}
{"level":"INFO","time":"2025-09-07T18:36:14.868+0800","caller":"app/app.go:44","msg":"Logger initialized successfully"}
{"level":"INFO","time":"2025-09-07T18:40:18.553+0800","caller":"app/app.go:44","msg":"Logger initialized successfully"}
{"level":"INFO","time":"2025-09-07T19:04:41.430+0800","caller":"app/app.go:44","msg":"Logger initialized successfully"}
{"level":"INFO","time":"2025-09-07T19:11:01.790+0800","caller":"app/app.go:44","msg":"Logger initialized successfully"}
{"level":"INFO","time":"2025-09-07T19:12:41.689+0800","caller":"app/app.go:44","msg":"Logger initialized successfully"}
{"level":"INFO","time":"2025-09-07T19:25:19.389+0800","caller":"app/app.go:44","msg":"Logger initialized successfully"}
{"level":"INFO","time":"2025-09-07T19:29:46.916+0800","caller":"app/app.go:44","msg":"Logger initialized successfully"}
{"level":"INFO","time":"2025-09-07T19:35:58.446+0800","caller":"app/app.go:44","msg":"Logger initialized successfully"}
